c:\users\giann\onedrive\5th semester\(project) compilers i\_project\mini-python\mini-python\grammar.tab.cpp
c:\users\giann\onedrive\5th semester\(project) compilers i\_project\mini-python\mini-python\grammar.flex.cpp
c:\users\giann\onedrive\5th semester\(project) compilers i\_project\mini-python\mini-python\debug\vc142.pdb
c:\users\giann\onedrive\5th semester\(project) compilers i\_project\mini-python\mini-python\debug\vc142.idb
c:\users\giann\onedrive\5th semester\(project) compilers i\_project\mini-python\mini-python\debug\symboltable.obj
c:\users\giann\onedrive\5th semester\(project) compilers i\_project\mini-python\mini-python\debug\symbolnodes.obj
c:\users\giann\onedrive\5th semester\(project) compilers i\_project\mini-python\mini-python\debug\stnodetypes.obj
c:\users\giann\onedrive\5th semester\(project) compilers i\_project\mini-python\mini-python\debug\stnode.obj
c:\users\giann\onedrive\5th semester\(project) compilers i\_project\mini-python\mini-python\debug\main.obj
c:\users\giann\onedrive\5th semester\(project) compilers i\_project\mini-python\mini-python\debug\grammar.tab.obj
c:\users\giann\onedrive\5th semester\(project) compilers i\_project\mini-python\mini-python\debug\grammar.flex.obj
c:\users\giann\onedrive\5th semester\(project) compilers i\_project\mini-python\debug\mini-python.exe
c:\users\giann\onedrive\5th semester\(project) compilers i\_project\mini-python\mini-python\debug\mini-python.ilk
c:\users\giann\onedrive\5th semester\(project) compilers i\_project\mini-python\debug\mini-python.pdb
c:\users\giann\onedrive\5th semester\(project) compilers i\_project\mini-python\mini-python\debug\mini-python.write.1.tlog
c:\users\giann\onedrive\5th semester\(project) compilers i\_project\mini-python\mini-python\debug\mini-python.tlog\cl.command.1.tlog
c:\users\giann\onedrive\5th semester\(project) compilers i\_project\mini-python\mini-python\debug\mini-python.tlog\cl.read.1.tlog
c:\users\giann\onedrive\5th semester\(project) compilers i\_project\mini-python\mini-python\debug\mini-python.tlog\cl.write.1.tlog
c:\users\giann\onedrive\5th semester\(project) compilers i\_project\mini-python\mini-python\debug\mini-python.tlog\link.command.1.tlog
c:\users\giann\onedrive\5th semester\(project) compilers i\_project\mini-python\mini-python\debug\mini-python.tlog\link.read.1.tlog
c:\users\giann\onedrive\5th semester\(project) compilers i\_project\mini-python\mini-python\debug\mini-python.tlog\link.write.1.tlog
